AAA
AAB
AAC
AAD
AAE
AAF
ABA
ABB
ABC
ABD
ABE
ABF
ACA
ACB
ACC
ACD
ACE
ACF
ADA
ADB
ADC
ADD
ADE
ADF
AEA
AEB
AEC
AED
AEE
AEF
AFA
AFB
AFC
AFD
AFE
AFF
BAA
BAB
BAC
BAD
BAE
BAF
BBA
BBB
BBC
BBD
BBE
BBF
BCA
BCB
BCC
BCD
BCE
BCF
BDA
BDB
BDC
BDD
BDE
BDF
BEA
BEB
BEC
BED
BEE
BEF
BFA
BFB
BFC
BFD
BFE
BFF
CAA
CAB
CAC
CAD
CAE
CAF
CBA
CBB
CBC
CBD
CBE
CBF
CCA
CCB
CCC
CCD
CCE
CCF
CDA
CDB
CDC
CDD
CDE
CDF
CEA
CEB
CEC
CED
CEE
CEF
CFA
CFB
CFC
CFD
CFE
CFF
DAA
DAB
DAC
DAD
DAE
DAF
DBA
DBB
DBC
DBD
DBE
DBF
DCA
DCB
DCC
DCD
DCE
DCF
DDA
DDB
DDC
DDD
DDE
DDF
DEA
DEB
DEC
DED
DEE
DEF
DFA
DFB
DFC
DFD
DFE
DFF
EAA
EAB
EAC
EAD
EAE
EAF
EBA
EBB
EBC
EBD
EBE
EBF
ECA
ECB
ECC
ECD
ECE
ECF
EDA
EDB
EDC
EDD
EDE
EDF
EEA
EEB
EEC
EED
EEE
EEF
EFA
EFB
EFC
EFD
EFE
EFF
FAA
FAB
FAC
FAD
FAE
FAF
FBA
FBB
FBC
FBD
FBE
FBF
FCA
FCB
FCC
FCD
FCE
FCF
FDA
FDB
FDC
FDD
FDE
FDF
FEA
FEB
FEC
FED
FEE
FEF
FFA
FFB
FFC
FFD
FFE
FFF
